# JRE version: OpenJDK Runtime Environment (8.0_422-b05) (build 1.8.0_422-b05)
# Java VM: OpenJDK 64-Bit Server VM (25.422-b05 mixed mode windows-amd64 compressed oops)
Heap:
 PSYoungGen      total 161280K, used 16436K [0x00000000f5580000, 0x0000000100000000, 0x0000000100000000)
  eden space 147968K, 11% used [0x00000000f5580000,0x00000000f658d0e0,0x00000000fe600000)
  from space 13312K, 0% used [0x00000000ff300000,0x00000000ff300000,0x0000000100000000)
  to   space 13312K, 0% used [0x00000000fe600000,0x00000000fe600000,0x00000000ff300000)
 ParOldGen       total 175104K, used 16197K [0x00000000e0000000, 0x00000000eab00000, 0x00000000f5580000)
  object space 175104K, 9% used [0x00000000e0000000,0x00000000e0fd1588,0x00000000eab00000)
 Metaspace       used 33896K, capacity 36206K, committed 36528K, reserved 1081344K
  class space    used 5049K, capacity 5478K, committed 5552K, reserved 1048576K
GC Heap History (10 events):
Event: 8.990 GC heap before
{Heap before GC invocations=8 (full 1):
 PSYoungGen      total 76800K, used 64000K [0x00000000f5580000, 0x00000000feb80000, 0x0000000100000000)
  eden space 64000K, 100% used [0x00000000f5580000,0x00000000f9400000,0x00000000f9400000)
  from space 12800K, 0% used [0x00000000fa080000,0x00000000fa080000,0x00000000fad00000)
  to   space 12800K, 0% used [0x00000000f9400000,0x00000000f9400000,0x00000000fa080000)
 ParOldGen       total 175104K, used 8808K [0x00000000e0000000, 0x00000000eab00000, 0x00000000f5580000)
  object space 175104K, 5% used [0x00000000e0000000,0x00000000e089a2a8,0x00000000eab00000)
 Metaspace       used 22327K, capacity 23366K, committed 23472K, reserved 1069056K
  class space    used 3238K, capacity 3495K, committed 3504K, reserved 1048576K
Event: 8.993 GC heap after
Heap after GC invocations=8 (full 1):
 PSYoungGen      total 76800K, used 3682K [0x00000000f5580000, 0x00000000fdd00000, 0x0000000100000000)
  eden space 64000K, 0% used [0x00000000f5580000,0x00000000f5580000,0x00000000f9400000)
  from space 12800K, 28% used [0x00000000f9400000,0x00000000f9798ad0,0x00000000fa080000)
  to   space 13312K, 0% used [0x00000000fd000000,0x00000000fd000000,0x00000000fdd00000)
 ParOldGen       total 175104K, used 8816K [0x00000000e0000000, 0x00000000eab00000, 0x00000000f5580000)
  object space 175104K, 5% used [0x00000000e0000000,0x00000000e089c2a8,0x00000000eab00000)
 Metaspace       used 22327K, capacity 23366K, committed 23472K, reserved 1069056K
  class space    used 3238K, capacity 3495K, committed 3504K, reserved 1048576K
}
Event: 10.104 GC heap before
{Heap before GC invocations=9 (full 1):
 PSYoungGen      total 76800K, used 67682K [0x00000000f5580000, 0x00000000fdd00000, 0x0000000100000000)
  eden space 64000K, 100% used [0x00000000f5580000,0x00000000f9400000,0x00000000f9400000)
  from space 12800K, 28% used [0x00000000f9400000,0x00000000f9798ad0,0x00000000fa080000)
  to   space 13312K, 0% used [0x00000000fd000000,0x00000000fd000000,0x00000000fdd00000)
 ParOldGen       total 175104K, used 8816K [0x00000000e0000000, 0x00000000eab00000, 0x00000000f5580000)
  object space 175104K, 5% used [0x00000000e0000000,0x00000000e089c2a8,0x00000000eab00000)
 Metaspace       used 25666K, capacity 27034K, committed 27184K, reserved 1073152K
  class space    used 3811K, capacity 4081K, committed 4144K, reserved 1048576K
Event: 10.173 GC heap after
Heap after GC invocations=9 (full 1):
 PSYoungGen      total 125952K, used 7455K [0x00000000f5580000, 0x00000000fe180000, 0x0000000100000000)
  eden space 112640K, 0% used [0x00000000f5580000,0x00000000f5580000,0x00000000fc380000)
  from space 13312K, 56% used [0x00000000fd000000,0x00000000fd747fc8,0x00000000fdd00000)
  to   space 12800K, 0% used [0x00000000fc380000,0x00000000fc380000,0x00000000fd000000)
 ParOldGen       total 175104K, used 8824K [0x00000000e0000000, 0x00000000eab00000, 0x00000000f5580000)
  object space 175104K, 5% used [0x00000000e0000000,0x00000000e089e2a8,0x00000000eab00000)
 Metaspace       used 25666K, capacity 27034K, committed 27184K, reserved 1073152K
  class space    used 3811K, capacity 4081K, committed 4144K, reserved 1048576K
}
Event: 12.056 GC heap before
{Heap before GC invocations=10 (full 1):
 PSYoungGen      total 125952K, used 120095K [0x00000000f5580000, 0x00000000fe180000, 0x0000000100000000)
  eden space 112640K, 100% used [0x00000000f5580000,0x00000000fc380000,0x00000000fc380000)
  from space 13312K, 56% used [0x00000000fd000000,0x00000000fd747fc8,0x00000000fdd00000)
  to   space 12800K, 0% used [0x00000000fc380000,0x00000000fc380000,0x00000000fd000000)
 ParOldGen       total 175104K, used 8824K [0x00000000e0000000, 0x00000000eab00000, 0x00000000f5580000)
  object space 175104K, 5% used [0x00000000e0000000,0x00000000e089e2a8,0x00000000eab00000)
 Metaspace       used 31238K, capacity 33180K, committed 33456K, reserved 1077248K
  class space    used 4603K, capacity 4996K, committed 5040K, reserved 1048576K
Event: 12.070 GC heap after
Heap after GC invocations=10 (full 1):
 PSYoungGen      total 125440K, used 10510K [0x00000000f5580000, 0x0000000100000000, 0x0000000100000000)
  eden space 112640K, 0% used [0x00000000f5580000,0x00000000f5580000,0x00000000fc380000)
  from space 12800K, 82% used [0x00000000fc380000,0x00000000fcdc3978,0x00000000fd000000)
  to   space 13312K, 0% used [0x00000000ff300000,0x00000000ff300000,0x0000000100000000)
 ParOldGen       total 175104K, used 8832K [0x00000000e0000000, 0x00000000eab00000, 0x00000000f5580000)
  object space 175104K, 5% used [0x00000000e0000000,0x00000000e08a02a8,0x00000000eab00000)
 Metaspace       used 31238K, capacity 33180K, committed 33456K, reserved 1077248K
  class space    used 4603K, capacity 4996K, committed 5040K, reserved 1048576K
}
Event: 12.955 GC heap before
{Heap before GC invocations=11 (full 1):
 PSYoungGen      total 125440K, used 45395K [0x00000000f5580000, 0x0000000100000000, 0x0000000100000000)
  eden space 112640K, 30% used [0x00000000f5580000,0x00000000f7791438,0x00000000fc380000)
  from space 12800K, 82% used [0x00000000fc380000,0x00000000fcdc3978,0x00000000fd000000)
  to   space 13312K, 0% used [0x00000000ff300000,0x00000000ff300000,0x0000000100000000)
 ParOldGen       total 175104K, used 8832K [0x00000000e0000000, 0x00000000eab00000, 0x00000000f5580000)
  object space 175104K, 5% used [0x00000000e0000000,0x00000000e08a02a8,0x00000000eab00000)
 Metaspace       used 33292K, capacity 35434K, committed 35496K, reserved 1079296K
  class space    used 4935K, capacity 5374K, committed 5424K, reserved 1048576K
Event: 12.986 GC heap after
Heap after GC invocations=11 (full 1):
 PSYoungGen      total 161280K, used 4444K [0x00000000f5580000, 0x0000000100000000, 0x0000000100000000)
  eden space 147968K, 0% used [0x00000000f5580000,0x00000000f5580000,0x00000000fe600000)
  from space 13312K, 33% used [0x00000000ff300000,0x00000000ff757288,0x0000000100000000)
  to   space 13312K, 0% used [0x00000000fe600000,0x00000000fe600000,0x00000000ff300000)
 ParOldGen       total 175104K, used 12768K [0x00000000e0000000, 0x00000000eab00000, 0x00000000f5580000)
  object space 175104K, 7% used [0x00000000e0000000,0x00000000e0c78220,0x00000000eab00000)
 Metaspace       used 33292K, capacity 35434K, committed 35496K, reserved 1079296K
  class space    used 4935K, capacity 5374K, committed 5424K, reserved 1048576K
}
Event: 12.986 GC heap before
{Heap before GC invocations=12 (full 2):
 PSYoungGen      total 161280K, used 4444K [0x00000000f5580000, 0x0000000100000000, 0x0000000100000000)
  eden space 147968K, 0% used [0x00000000f5580000,0x00000000f5580000,0x00000000fe600000)
  from space 13312K, 33% used [0x00000000ff300000,0x00000000ff757288,0x0000000100000000)
  to   space 13312K, 0% used [0x00000000fe600000,0x00000000fe600000,0x00000000ff300000)
 ParOldGen       total 175104K, used 12768K [0x00000000e0000000, 0x00000000eab00000, 0x00000000f5580000)
  object space 175104K, 7% used [0x00000000e0000000,0x00000000e0c78220,0x00000000eab00000)
 Metaspace       used 33292K, capacity 35434K, committed 35496K, reserved 1079296K
  class space    used 4935K, capacity 5374K, committed 5424K, reserved 1048576K
Event: 13.044 GC heap after
Heap after GC invocations=12 (full 2):
 PSYoungGen      total 161280K, used 0K [0x00000000f5580000, 0x0000000100000000, 0x0000000100000000)
  eden space 147968K, 0% used [0x00000000f5580000,0x00000000f5580000,0x00000000fe600000)
  from space 13312K, 0% used [0x00000000ff300000,0x00000000ff300000,0x0000000100000000)
  to   space 13312K, 0% used [0x00000000fe600000,0x00000000fe600000,0x00000000ff300000)
 ParOldGen       total 175104K, used 16197K [0x00000000e0000000, 0x00000000eab00000, 0x00000000f5580000)
  object space 175104K, 9% used [0x00000000e0000000,0x00000000e0fd1588,0x00000000eab00000)
 Metaspace       used 33292K, capacity 35434K, committed 35496K, reserved 1079296K
  class space    used 4935K, capacity 5374K, committed 5424K, reserved 1048576K
}

