# JRE version: OpenJDK Runtime Environment Temurin-21.0.8+9 (21.0.8+9) (build 21.0.8+9-LTS)
# Java VM: OpenJDK 64-Bit Server VM Temurin-21.0.8+9 (21.0.8+9-LTS, mixed mode, sharing, tiered, compressed oops, compressed class ptrs, parallel gc, windows-amd64)
GC Precious Log:
 CardTable entry size: 512
 CPUs: 12 total, 12 available
 Memory: 16091M
 Large Page Support: Disabled
 NUMA Support: Disabled
 Compressed Oops: Enabled (32-bit)
 Alignments: Space 512K, Generation 512K, Heap 2M
 Heap Min Capacity: 100M
 Heap Initial Capacity: 100M
 Heap Max Capacity: 2G
 Pre-touch: Disabled
 Parallel Workers: 10
Heap:
 PSYoungGen      total 14848K, used 12915K [0x00000000d5580000, 0x00000000d6700000, 0x0000000100000000)
  eden space 13824K, 86% used [0x00000000d5580000,0x00000000d6124fc8,0x00000000d6300000)
  from space 1024K, 96% used [0x00000000d6300000,0x00000000d63f8020,0x00000000d6400000)
  to   space 2048K, 0% used [0x00000000d6500000,0x00000000d6500000,0x00000000d6700000)
 ParOldGen       total 68608K, used 43492K [0x0000000080000000, 0x0000000084300000, 0x00000000d5580000)
  object space 68608K, 63% used [0x0000000080000000,0x0000000082a79110,0x0000000084300000)
 Metaspace       used 63754K, committed 65152K, reserved 1114112K
  class space    used 8062K, committed 8704K, reserved 1048576K
GC Heap History (20 events):
Event: 28.046 GC heap before
{Heap before GC invocations=45 (full 3):
 PSYoungGen      total 15360K, used 14317K [0x00000000d5580000, 0x00000000d6580000, 0x0000000100000000)
  eden space 13824K, 100% used [0x00000000d5580000,0x00000000d6300000,0x00000000d6300000)
  from space 1536K, 32% used [0x00000000d6300000,0x00000000d637b420,0x00000000d6480000)
  to   space 1024K, 0% used [0x00000000d6480000,0x00000000d6480000,0x00000000d6580000)
 ParOldGen       total 68608K, used 39867K [0x0000000080000000, 0x0000000084300000, 0x00000000d5580000)
  object space 68608K, 58% used [0x0000000080000000,0x00000000826eedb8,0x0000000084300000)
 Metaspace       used 61144K, committed 62464K, reserved 1114112K
  class space    used 7716K, committed 8320K, reserved 1048576K
}
Event: 28.047 GC heap after
{Heap after GC invocations=45 (full 3):
 PSYoungGen      total 14848K, used 1008K [0x00000000d5580000, 0x00000000d6600000, 0x0000000100000000)
  eden space 13824K, 0% used [0x00000000d5580000,0x00000000d5580000,0x00000000d6300000)
  from space 1024K, 98% used [0x00000000d6480000,0x00000000d657c2e8,0x00000000d6580000)
  to   space 1536K, 0% used [0x00000000d6300000,0x00000000d6300000,0x00000000d6480000)
 ParOldGen       total 68608K, used 40003K [0x0000000080000000, 0x0000000084300000, 0x00000000d5580000)
  object space 68608K, 58% used [0x0000000080000000,0x0000000082710e38,0x0000000084300000)
 Metaspace       used 61144K, committed 62464K, reserved 1114112K
  class space    used 7716K, committed 8320K, reserved 1048576K
}
Event: 28.199 GC heap before
{Heap before GC invocations=46 (full 3):
 PSYoungGen      total 14848K, used 14832K [0x00000000d5580000, 0x00000000d6600000, 0x0000000100000000)
  eden space 13824K, 100% used [0x00000000d5580000,0x00000000d6300000,0x00000000d6300000)
  from space 1024K, 98% used [0x00000000d6480000,0x00000000d657c2e8,0x00000000d6580000)
  to   space 1536K, 0% used [0x00000000d6300000,0x00000000d6300000,0x00000000d6480000)
 ParOldGen       total 68608K, used 40003K [0x0000000080000000, 0x0000000084300000, 0x00000000d5580000)
  object space 68608K, 58% used [0x0000000080000000,0x0000000082710e38,0x0000000084300000)
 Metaspace       used 61144K, committed 62464K, reserved 1114112K
  class space    used 7716K, committed 8320K, reserved 1048576K
}
Event: 28.200 GC heap after
{Heap after GC invocations=46 (full 3):
 PSYoungGen      total 14848K, used 878K [0x00000000d5580000, 0x00000000d6500000, 0x0000000100000000)
  eden space 13824K, 0% used [0x00000000d5580000,0x00000000d5580000,0x00000000d6300000)
  from space 1024K, 85% used [0x00000000d6300000,0x00000000d63db8e0,0x00000000d6400000)
  to   space 1024K, 0% used [0x00000000d6400000,0x00000000d6400000,0x00000000d6500000)
 ParOldGen       total 68608K, used 40075K [0x0000000080000000, 0x0000000084300000, 0x00000000d5580000)
  object space 68608K, 58% used [0x0000000080000000,0x0000000082722e38,0x0000000084300000)
 Metaspace       used 61144K, committed 62464K, reserved 1114112K
  class space    used 7716K, committed 8320K, reserved 1048576K
}
Event: 28.328 GC heap before
{Heap before GC invocations=47 (full 3):
 PSYoungGen      total 14848K, used 14702K [0x00000000d5580000, 0x00000000d6500000, 0x0000000100000000)
  eden space 13824K, 100% used [0x00000000d5580000,0x00000000d6300000,0x00000000d6300000)
  from space 1024K, 85% used [0x00000000d6300000,0x00000000d63db8e0,0x00000000d6400000)
  to   space 1024K, 0% used [0x00000000d6400000,0x00000000d6400000,0x00000000d6500000)
 ParOldGen       total 68608K, used 40075K [0x0000000080000000, 0x0000000084300000, 0x00000000d5580000)
  object space 68608K, 58% used [0x0000000080000000,0x0000000082722e38,0x0000000084300000)
 Metaspace       used 61144K, committed 62464K, reserved 1114112K
  class space    used 7716K, committed 8320K, reserved 1048576K
}
Event: 28.329 GC heap after
{Heap after GC invocations=47 (full 3):
 PSYoungGen      total 14336K, used 256K [0x00000000d5580000, 0x00000000d6480000, 0x0000000100000000)
  eden space 13824K, 0% used [0x00000000d5580000,0x00000000d5580000,0x00000000d6300000)
  from space 512K, 50% used [0x00000000d6400000,0x00000000d6440000,0x00000000d6480000)
  to   space 512K, 0% used [0x00000000d6380000,0x00000000d6380000,0x00000000d6400000)
 ParOldGen       total 68608K, used 40678K [0x0000000080000000, 0x0000000084300000, 0x00000000d5580000)
  object space 68608K, 59% used [0x0000000080000000,0x00000000827b9b80,0x0000000084300000)
 Metaspace       used 61144K, committed 62464K, reserved 1114112K
  class space    used 7716K, committed 8320K, reserved 1048576K
}
Event: 28.528 GC heap before
{Heap before GC invocations=48 (full 3):
 PSYoungGen      total 14336K, used 14080K [0x00000000d5580000, 0x00000000d6480000, 0x0000000100000000)
  eden space 13824K, 100% used [0x00000000d5580000,0x00000000d6300000,0x00000000d6300000)
  from space 512K, 50% used [0x00000000d6400000,0x00000000d6440000,0x00000000d6480000)
  to   space 512K, 0% used [0x00000000d6380000,0x00000000d6380000,0x00000000d6400000)
 ParOldGen       total 68608K, used 40678K [0x0000000080000000, 0x0000000084300000, 0x00000000d5580000)
  object space 68608K, 59% used [0x0000000080000000,0x00000000827b9b80,0x0000000084300000)
 Metaspace       used 61144K, committed 62464K, reserved 1114112K
  class space    used 7716K, committed 8320K, reserved 1048576K
}
Event: 28.529 GC heap after
{Heap after GC invocations=48 (full 3):
 PSYoungGen      total 14336K, used 511K [0x00000000d5580000, 0x00000000d6600000, 0x0000000100000000)
  eden space 13824K, 0% used [0x00000000d5580000,0x00000000d5580000,0x00000000d6300000)
  from space 512K, 99% used [0x00000000d6380000,0x00000000d63fff50,0x00000000d6400000)
  to   space 1536K, 0% used [0x00000000d6480000,0x00000000d6480000,0x00000000d6600000)
 ParOldGen       total 68608K, used 41440K [0x0000000080000000, 0x0000000084300000, 0x00000000d5580000)
  object space 68608K, 60% used [0x0000000080000000,0x00000000828782b8,0x0000000084300000)
 Metaspace       used 61144K, committed 62464K, reserved 1114112K
  class space    used 7716K, committed 8320K, reserved 1048576K
}
Event: 28.612 GC heap before
{Heap before GC invocations=49 (full 3):
 PSYoungGen      total 14336K, used 14335K [0x00000000d5580000, 0x00000000d6600000, 0x0000000100000000)
  eden space 13824K, 100% used [0x00000000d5580000,0x00000000d6300000,0x00000000d6300000)
  from space 512K, 99% used [0x00000000d6380000,0x00000000d63fff50,0x00000000d6400000)
  to   space 1536K, 0% used [0x00000000d6480000,0x00000000d6480000,0x00000000d6600000)
 ParOldGen       total 68608K, used 41440K [0x0000000080000000, 0x0000000084300000, 0x00000000d5580000)
  object space 68608K, 60% used [0x0000000080000000,0x00000000828782b8,0x0000000084300000)
 Metaspace       used 61144K, committed 62464K, reserved 1114112K
  class space    used 7716K, committed 8320K, reserved 1048576K
}
Event: 28.612 GC heap after
{Heap after GC invocations=49 (full 3):
 PSYoungGen      total 14336K, used 325K [0x00000000d5580000, 0x00000000d6500000, 0x0000000100000000)
  eden space 13824K, 0% used [0x00000000d5580000,0x00000000d5580000,0x00000000d6300000)
  from space 512K, 63% used [0x00000000d6480000,0x00000000d64d14d8,0x00000000d6500000)
  to   space 1024K, 0% used [0x00000000d6300000,0x00000000d6300000,0x00000000d6400000)
 ParOldGen       total 68608K, used 41504K [0x0000000080000000, 0x0000000084300000, 0x00000000d5580000)
  object space 68608K, 60% used [0x0000000080000000,0x00000000828882b8,0x0000000084300000)
 Metaspace       used 61144K, committed 62464K, reserved 1114112K
  class space    used 7716K, committed 8320K, reserved 1048576K
}
Event: 28.686 GC heap before
{Heap before GC invocations=50 (full 3):
 PSYoungGen      total 14336K, used 14149K [0x00000000d5580000, 0x00000000d6500000, 0x0000000100000000)
  eden space 13824K, 100% used [0x00000000d5580000,0x00000000d6300000,0x00000000d6300000)
  from space 512K, 63% used [0x00000000d6480000,0x00000000d64d14d8,0x00000000d6500000)
  to   space 1024K, 0% used [0x00000000d6300000,0x00000000d6300000,0x00000000d6400000)
 ParOldGen       total 68608K, used 41504K [0x0000000080000000, 0x0000000084300000, 0x00000000d5580000)
  object space 68608K, 60% used [0x0000000080000000,0x00000000828882b8,0x0000000084300000)
 Metaspace       used 61144K, committed 62464K, reserved 1114112K
  class space    used 7716K, committed 8320K, reserved 1048576K
}
Event: 28.686 GC heap after
{Heap after GC invocations=50 (full 3):
 PSYoungGen      total 14848K, used 1013K [0x00000000d5580000, 0x00000000d6600000, 0x0000000100000000)
  eden space 13824K, 0% used [0x00000000d5580000,0x00000000d5580000,0x00000000d6300000)
  from space 1024K, 99% used [0x00000000d6300000,0x00000000d63fd7e0,0x00000000d6400000)
  to   space 1536K, 0% used [0x00000000d6480000,0x00000000d6480000,0x00000000d6600000)
 ParOldGen       total 68608K, used 41704K [0x0000000080000000, 0x0000000084300000, 0x00000000d5580000)
  object space 68608K, 60% used [0x0000000080000000,0x00000000828ba030,0x0000000084300000)
 Metaspace       used 61144K, committed 62464K, reserved 1114112K
  class space    used 7716K, committed 8320K, reserved 1048576K
}
Event: 28.742 GC heap before
{Heap before GC invocations=51 (full 3):
 PSYoungGen      total 14848K, used 14837K [0x00000000d5580000, 0x00000000d6600000, 0x0000000100000000)
  eden space 13824K, 100% used [0x00000000d5580000,0x00000000d6300000,0x00000000d6300000)
  from space 1024K, 99% used [0x00000000d6300000,0x00000000d63fd7e0,0x00000000d6400000)
  to   space 1536K, 0% used [0x00000000d6480000,0x00000000d6480000,0x00000000d6600000)
 ParOldGen       total 68608K, used 41704K [0x0000000080000000, 0x0000000084300000, 0x00000000d5580000)
  object space 68608K, 60% used [0x0000000080000000,0x00000000828ba030,0x0000000084300000)
 Metaspace       used 61144K, committed 62464K, reserved 1114112K
  class space    used 7716K, committed 8320K, reserved 1048576K
}
Event: 28.742 GC heap after
{Heap after GC invocations=51 (full 3):
 PSYoungGen      total 14848K, used 812K [0x00000000d5580000, 0x00000000d6580000, 0x0000000100000000)
  eden space 13824K, 0% used [0x00000000d5580000,0x00000000d5580000,0x00000000d6300000)
  from space 1024K, 79% used [0x00000000d6480000,0x00000000d654b1d0,0x00000000d6580000)
  to   space 1024K, 0% used [0x00000000d6300000,0x00000000d6300000,0x00000000d6400000)
 ParOldGen       total 68608K, used 41752K [0x0000000080000000, 0x0000000084300000, 0x00000000d5580000)
  object space 68608K, 60% used [0x0000000080000000,0x00000000828c6030,0x0000000084300000)
 Metaspace       used 61144K, committed 62464K, reserved 1114112K
  class space    used 7716K, committed 8320K, reserved 1048576K
}
Event: 28.785 GC heap before
{Heap before GC invocations=52 (full 3):
 PSYoungGen      total 14848K, used 14636K [0x00000000d5580000, 0x00000000d6580000, 0x0000000100000000)
  eden space 13824K, 100% used [0x00000000d5580000,0x00000000d6300000,0x00000000d6300000)
  from space 1024K, 79% used [0x00000000d6480000,0x00000000d654b1d0,0x00000000d6580000)
  to   space 1024K, 0% used [0x00000000d6300000,0x00000000d6300000,0x00000000d6400000)
 ParOldGen       total 68608K, used 41752K [0x0000000080000000, 0x0000000084300000, 0x00000000d5580000)
  object space 68608K, 60% used [0x0000000080000000,0x00000000828c6030,0x0000000084300000)
 Metaspace       used 61144K, committed 62464K, reserved 1114112K
  class space    used 7716K, committed 8320K, reserved 1048576K
}
Event: 28.785 GC heap after
{Heap after GC invocations=52 (full 3):
 PSYoungGen      total 14848K, used 224K [0x00000000d5580000, 0x00000000d6500000, 0x0000000100000000)
  eden space 13824K, 0% used [0x00000000d5580000,0x00000000d5580000,0x00000000d6300000)
  from space 1024K, 21% used [0x00000000d6300000,0x00000000d6338000,0x00000000d6400000)
  to   space 512K, 0% used [0x00000000d6480000,0x00000000d6480000,0x00000000d6500000)
 ParOldGen       total 68608K, used 42375K [0x0000000080000000, 0x0000000084300000, 0x00000000d5580000)
  object space 68608K, 61% used [0x0000000080000000,0x0000000082961db8,0x0000000084300000)
 Metaspace       used 61144K, committed 62464K, reserved 1114112K
  class space    used 7716K, committed 8320K, reserved 1048576K
}
Event: 32.222 GC heap before
{Heap before GC invocations=53 (full 3):
 PSYoungGen      total 14848K, used 14048K [0x00000000d5580000, 0x00000000d6500000, 0x0000000100000000)
  eden space 13824K, 100% used [0x00000000d5580000,0x00000000d6300000,0x00000000d6300000)
  from space 1024K, 21% used [0x00000000d6300000,0x00000000d6338000,0x00000000d6400000)
  to   space 512K, 0% used [0x00000000d6480000,0x00000000d6480000,0x00000000d6500000)
 ParOldGen       total 68608K, used 42375K [0x0000000080000000, 0x0000000084300000, 0x00000000d5580000)
  object space 68608K, 61% used [0x0000000080000000,0x0000000082961db8,0x0000000084300000)
 Metaspace       used 62585K, committed 63936K, reserved 1114112K
  class space    used 7933K, committed 8512K, reserved 1048576K
}
Event: 32.223 GC heap after
{Heap after GC invocations=53 (full 3):
 PSYoungGen      total 14336K, used 480K [0x00000000d5580000, 0x00000000d6500000, 0x0000000100000000)
  eden space 13824K, 0% used [0x00000000d5580000,0x00000000d5580000,0x00000000d6300000)
  from space 512K, 93% used [0x00000000d6480000,0x00000000d64f8010,0x00000000d6500000)
  to   space 1024K, 0% used [0x00000000d6300000,0x00000000d6300000,0x00000000d6400000)
 ParOldGen       total 68608K, used 42759K [0x0000000080000000, 0x0000000084300000, 0x00000000d5580000)
  object space 68608K, 62% used [0x0000000080000000,0x00000000829c1de8,0x0000000084300000)
 Metaspace       used 62585K, committed 63936K, reserved 1114112K
  class space    used 7933K, committed 8512K, reserved 1048576K
}
Event: 48.999 GC heap before
{Heap before GC invocations=54 (full 3):
 PSYoungGen      total 14336K, used 14304K [0x00000000d5580000, 0x00000000d6500000, 0x0000000100000000)
  eden space 13824K, 100% used [0x00000000d5580000,0x00000000d6300000,0x00000000d6300000)
  from space 512K, 93% used [0x00000000d6480000,0x00000000d64f8010,0x00000000d6500000)
  to   space 1024K, 0% used [0x00000000d6300000,0x00000000d6300000,0x00000000d6400000)
 ParOldGen       total 68608K, used 42759K [0x0000000080000000, 0x0000000084300000, 0x00000000d5580000)
  object space 68608K, 62% used [0x0000000080000000,0x00000000829c1de8,0x0000000084300000)
 Metaspace       used 63397K, committed 64768K, reserved 1114112K
  class space    used 8015K, committed 8640K, reserved 1048576K
}
Event: 49.005 GC heap after
{Heap after GC invocations=54 (full 3):
 PSYoungGen      total 14848K, used 992K [0x00000000d5580000, 0x00000000d6700000, 0x0000000100000000)
  eden space 13824K, 0% used [0x00000000d5580000,0x00000000d5580000,0x00000000d6300000)
  from space 1024K, 96% used [0x00000000d6300000,0x00000000d63f8020,0x00000000d6400000)
  to   space 2048K, 0% used [0x00000000d6500000,0x00000000d6500000,0x00000000d6700000)
 ParOldGen       total 68608K, used 43492K [0x0000000080000000, 0x0000000084300000, 0x00000000d5580000)
  object space 68608K, 63% used [0x0000000080000000,0x0000000082a79110,0x0000000084300000)
 Metaspace       used 63397K, committed 64768K, reserved 1114112K
  class space    used 8015K, committed 8640K, reserved 1048576K
}

